c:\users\thoma\documents\jogos\unidade_2\lab18\gravityguy\gravityguy\debug\vc142.pdb
c:\users\thoma\documents\jogos\unidade_2\lab18\gravityguy\gravityguy\debug\vc142.idb
c:\users\thoma\documents\jogos\unidade_2\lab18\gravityguy\gravityguy\debug\sound.obj
c:\users\thoma\documents\jogos\unidade_2\lab18\gravityguy\gravityguy\debug\scene.obj
c:\users\thoma\documents\jogos\unidade_2\lab18\gravityguy\gravityguy\debug\renderer.obj
c:\users\thoma\documents\jogos\unidade_2\lab18\gravityguy\gravityguy\debug\player.obj
c:\users\thoma\documents\jogos\unidade_2\lab18\gravityguy\gravityguy\debug\platform.obj
c:\users\thoma\documents\jogos\unidade_2\lab18\gravityguy\gravityguy\debug\object.obj
c:\users\thoma\documents\jogos\unidade_2\lab18\gravityguy\gravityguy\debug\level2.obj
c:\users\thoma\documents\jogos\unidade_2\lab18\gravityguy\gravityguy\debug\level1.obj
c:\users\thoma\documents\jogos\unidade_2\lab18\gravityguy\gravityguy\debug\image.obj
c:\users\thoma\documents\jogos\unidade_2\lab18\gravityguy\gravityguy\debug\home.obj
c:\users\thoma\documents\jogos\unidade_2\lab18\gravityguy\gravityguy\debug\gravityguy.obj
c:\users\thoma\documents\jogos\unidade_2\lab18\gravityguy\gravityguy\debug\graphics.obj
c:\users\thoma\documents\jogos\unidade_2\lab18\gravityguy\gravityguy\debug\geometry.obj
c:\users\thoma\documents\jogos\unidade_2\lab18\gravityguy\gravityguy\debug\gameover.obj
c:\users\thoma\documents\jogos\unidade_2\lab18\gravityguy\gravityguy\debug\game.obj
c:\users\thoma\documents\jogos\unidade_2\lab18\gravityguy\gravityguy\debug\font.obj
c:\users\thoma\documents\jogos\unidade_2\lab18\gravityguy\gravityguy\debug\engine.obj
c:\users\thoma\documents\jogos\unidade_2\lab18\gravityguy\gravityguy\debug\background.obj
c:\users\thoma\documents\jogos\unidade_2\lab18\gravityguy\gravityguy\debug\audio.obj
c:\users\thoma\documents\jogos\unidade_2\lab18\gravityguy\gravityguy\debug\animation.obj
c:\users\thoma\documents\jogos\unidade_2\lab18\gravityguy\gravityguy\debug\window.obj
c:\users\thoma\documents\jogos\unidade_2\lab18\gravityguy\gravityguy\debug\timer.obj
c:\users\thoma\documents\jogos\unidade_2\lab18\gravityguy\gravityguy\debug\tileset.obj
c:\users\thoma\documents\jogos\unidade_2\lab18\gravityguy\gravityguy\debug\texture.obj
c:\users\thoma\documents\jogos\unidade_2\lab18\gravityguy\gravityguy\debug\sprite.obj
c:\users\thoma\documents\jogos\unidade_2\lab18\gravityguy\gravityguy\debug\moeda.obj
c:\users\thoma\documents\jogos\unidade_2\lab18\gravityguy\gravityguy\shaders\pixel.cso
c:\users\thoma\documents\jogos\unidade_2\lab18\gravityguy\gravityguy\shaders\vertex.cso
e:\ciencia da computacao\jogos\survivor\gravityguy\shaders\pixel.cso
e:\ciencia da computacao\jogos\survivor\gravityguy\shaders\vertex.cso
c:\users\thoma\documents\jogos\unidade_2\lab18\gravityguy\debug\gravityguy.exe
c:\users\thoma\documents\jogos\unidade_2\lab18\gravityguy\gravityguy\debug\gravityguy.ilk
c:\users\thoma\documents\jogos\unidade_2\lab18\gravityguy\debug\gravityguy.pdb
e:\ciencia da computacao\jogos\survivor\gravityguy\debug\gravityguy.ilk
e:\ciencia da computacao\jogos\survivor\debug\gravityguy.exe
e:\ciencia da computacao\jogos\survivor\debug\gravityguy.pdb
c:\users\thoma\documents\jogos\unidade_2\lab18\gravityguy\gravityguy\debug\resources.res
e:\ciencia da computacao\jogos\survivor\gravityguy\debug\resources.res
c:\users\thoma\documents\jogos\unidade_2\lab18\gravityguy\gravityguy\debug\chao.obj
c:\users\thoma\documents\jogos\unidade_2\lab18\gravityguy\gravityguy\debug\gravityguy.tlog\cl.command.1.tlog
c:\users\thoma\documents\jogos\unidade_2\lab18\gravityguy\gravityguy\debug\gravityguy.tlog\cl.read.1.tlog
c:\users\thoma\documents\jogos\unidade_2\lab18\gravityguy\gravityguy\debug\gravityguy.tlog\cl.write.1.tlog
c:\users\thoma\documents\jogos\unidade_2\lab18\gravityguy\gravityguy\debug\gravityguy.tlog\fxc.command.1.tlog
c:\users\thoma\documents\jogos\unidade_2\lab18\gravityguy\gravityguy\debug\gravityguy.tlog\fxc.read.1.tlog
c:\users\thoma\documents\jogos\unidade_2\lab18\gravityguy\gravityguy\debug\gravityguy.tlog\fxc.write.1.tlog
c:\users\thoma\documents\jogos\unidade_2\lab18\gravityguy\gravityguy\debug\gravityguy.tlog\link.command.1.tlog
c:\users\thoma\documents\jogos\unidade_2\lab18\gravityguy\gravityguy\debug\gravityguy.tlog\link.read.1.tlog
c:\users\thoma\documents\jogos\unidade_2\lab18\gravityguy\gravityguy\debug\gravityguy.tlog\link.write.1.tlog
c:\users\thoma\documents\jogos\unidade_2\lab18\gravityguy\gravityguy\debug\gravityguy.tlog\rc.command.1.tlog
c:\users\thoma\documents\jogos\unidade_2\lab18\gravityguy\gravityguy\debug\gravityguy.tlog\rc.read.1.tlog
c:\users\thoma\documents\jogos\unidade_2\lab18\gravityguy\gravityguy\debug\gravityguy.tlog\rc.write.1.tlog
